<?xml version="1.0" encoding="UTF-8" ?>
<testsuite errors="0" failures="0" hostname="Masterslave" name="hr.fer.zemris.java.tecaj_2.jcomp.impl.instructions.InstrLoadTest" skipped="0" tests="4" time="0.021" timestamp="2014-04-13T17:31:54">
  <properties>
    <property name="java.vendor" value="Oracle Corporation" />
    <property name="sun.java.launcher" value="SUN_STANDARD" />
    <property name="sun.management.compiler" value="HotSpot 64-Bit Tiered Compilers" />
    <property name="dist" value="C:\Users\Marko\javaTecaj\HW05-0036453293\dist" />
    <property name="lib" value="C:\Users\Marko\javaTecaj\HW05-0036453293\lib" />
    <property name="ant.file.type.HW4" value="file" />
    <property name="os.name" value="Windows 7" />
    <property name="sun.boot.class.path" value="C:\Program Files\Java\jdk1.7.0_17\jre\lib\resources.jar;C:\Program Files\Java\jdk1.7.0_17\jre\lib\rt.jar;C:\Program Files\Java\jdk1.7.0_17\jre\lib\sunrsasign.jar;C:\Program Files\Java\jdk1.7.0_17\jre\lib\jsse.jar;C:\Program Files\Java\jdk1.7.0_17\jre\lib\jce.jar;C:\Program Files\Java\jdk1.7.0_17\jre\lib\charsets.jar;C:\Program Files\Java\jdk1.7.0_17\jre\lib\jfr.jar;C:\Program Files\Java\jdk1.7.0_17\jre\classes" />
    <property name="TODAY" value="April 13 2014" />
    <property name="user.country.format" value="HR" />
    <property name="findbugs.home" value="c:/usr/findbugs-2.0.3" />
    <property name="sun.desktop" value="windows" />
    <property name="java.vm.specification.vendor" value="Oracle Corporation" />
    <property name="ant.home" value="C:\usr\apache-ant-1.9.3" />
    <property name="java.runtime.version" value="1.7.0_17-b02" />
    <property name="checkstyle.jar" value="c:/usr/checkstyle-5.7/checkstyle-5.7-all.jar" />
    <property name="user.name" value="Marko" />
    <property name="user.language.format" value="hr" />
    <property name="src.java" value="C:\Users\Marko\javaTecaj\HW05-0036453293\src\main\java" />
    <property name="dist.lib" value="C:\Users\Marko\javaTecaj\HW05-0036453293\dist\lib" />
    <property name="user.language" value="en" />
    <property name="build" value="C:\Users\Marko\javaTecaj\HW05-0036453293\build" />
    <property name="sun.boot.library.path" value="C:\Program Files\Java\jdk1.7.0_17\jre\bin" />
    <property name="ant.project.default-target" value="jar" />
    <property name="ant.project.name" value="HW4" />
    <property name="DSTAMP" value="20140413" />
    <property name="java.version" value="1.7.0_17" />
    <property name="user.timezone" value="" />
    <property name="sun.arch.data.model" value="64" />
    <property name="java.endorsed.dirs" value="C:\Program Files\Java\jdk1.7.0_17\jre\lib\endorsed" />
    <property name="sun.cpu.isalist" value="amd64" />
    <property name="sun.jnu.encoding" value="Cp1250" />
    <property name="file.encoding.pkg" value="sun.io" />
    <property name="file.separator" value="\" />
    <property name="java.specification.name" value="Java Platform API Specification" />
    <property name="jacoco.home" value="c:/usr/jacoco-0.7.1" />
    <property name="checkstyle.home" value="c:/usr/checkstyle-5.7" />
    <property name="java.class.version" value="51.0" />
    <property name="src" value="C:\Users\Marko\javaTecaj\HW05-0036453293\src" />
    <property name="user.country" value="US" />
    <property name="java.home" value="C:\Program Files\Java\jdk1.7.0_17\jre" />
    <property name="java.vm.info" value="mixed mode" />
    <property name="ant.file" value="C:\Users\Marko\javaTecaj\HW05-0036453293\build.xml" />
    <property name="os.version" value="6.1" />
    <property name="path.separator" value=";" />
    <property name="java.vm.version" value="23.7-b01" />
    <property name="user.variant" value="" />
    <property name="ant.library.dir" value="C:\usr\apache-ant-1.9.3\lib" />
    <property name="java.awt.printerjob" value="sun.awt.windows.WPrinterJob" />
    <property name="sun.io.unicode.encoding" value="UnicodeLittle" />
    <property name="awt.toolkit" value="sun.awt.windows.WToolkit" />
    <property name="_jacoco.agentFile" value="C:\Users\Marko\AppData\Local\Temp\jacocoagent9207532984777897594.jar" />
    <property name="xalan.home" value="c:/usr/xalan-j_2_7_1" />
    <property name="user.script" value="" />
    <property name="user.home" value="C:\Users\Marko" />
    <property name="java.specification.vendor" value="Oracle Corporation" />
    <property name="java.library.path" value="C:\Program Files\Java\jdk1.7.0_17\jre\bin;C:\Windows\Sun\Java\bin;C:\Windows\system32;C:\Windows;C:\Program Files\Java\jdk1.7.0_17\bin;C:\Program Files\MATLAB\R2013a\runtime\win64;C:\Program Files\MATLAB\R2013a\bin;C:\usr\apache-ant-1.9.3\bin;C:\usr\apache-maven-3.2.1\bin;${FINDBUGS_HOME}/bin;C:\Program Files\Java\jre7\bin;." />
    <property name="java.vendor.url" value="http://java.oracle.com/" />
    <property name="java.vm.vendor" value="Oracle Corporation" />
    <property name="java.runtime.name" value="Java(TM) SE Runtime Environment" />
    <property name="sun.java.command" value="org.apache.tools.ant.taskdefs.optional.junit.JUnitTestRunner testsfile=C:\Users\Marko\javaTecaj\HW05-0036453293\junittestcases744537051240418807.properties skipNonTests=false filtertrace=true haltOnError=false haltOnFailure=true formatter=org.apache.tools.ant.taskdefs.optional.junit.SummaryJUnitResultFormatter showoutput=false outputtoformatters=true logfailedtests=true logtestlistenerevents=false formatter=org.apache.tools.ant.taskdefs.optional.junit.PlainJUnitResultFormatter,C:\Users\Marko\javaTecaj\HW05-0036453293\dist\test-reports\xml\IGNORETHIS.txt formatter=org.apache.tools.ant.taskdefs.optional.junit.XMLJUnitResultFormatter,C:\Users\Marko\javaTecaj\HW05-0036453293\dist\test-reports\xml\IGNORETHIS.xml crashfile=C:\Users\Marko\javaTecaj\HW05-0036453293\junitvmwatcher256992649267840286.properties propsfile=C:\Users\Marko\javaTecaj\HW05-0036453293\junit4740864204693755337.properties" />
    <property name="java.class.path" value="C:\Users\Marko\javaTecaj\HW05-0036453293\build\classes;C:\Users\Marko\javaTecaj\HW05-0036453293\lib\mockito-all-1.9.5.jar;C:\Users\Marko\javaTecaj\HW05-0036453293\lib\models.jar;C:\Users\Marko\javaTecaj\HW05-0036453293\lib\parser.jar;C:\Users\Marko\javaTecaj\HW05-0036453293\build\test;c:\usr\junit-4.11\hamcrest-core-1.3.jar;c:\usr\junit-4.11\junit-4.11.jar;C:\Users\Marko\javaTecaj\HW05-0036453293;C:\Program Files (x86)\Java\jre6\lib\ext\QTJava.zip;C:\usr\apache-ant-1.9.3\lib\ant-launcher.jar;C:\usr\apache-ant-1.9.3\lib\ant.jar;C:\usr\apache-ant-1.9.3\lib\ant-junit.jar;C:\usr\apache-ant-1.9.3\lib\ant-junit4.jar;C:\Users\Marko\AppData\Local\Temp\jacocoagent9207532984777897594.jar" />
    <property name="ant.version" value="Apache Ant(TM) version 1.9.3 compiled on December 23 2013" />
    <property name="TSTAMP" value="1931" />
    <property name="java.vm.specification.name" value="Java Virtual Machine Specification" />
    <property name="ant.file.type" value="file" />
    <property name="program" value="hr.fer.zemris.java.tecaj.HW4.HW4Tester" />
    <property name="ant.file.HW4" value="C:\Users\Marko\javaTecaj\HW05-0036453293\build.xml" />
    <property name="java.vm.specification.version" value="1.7" />
    <property name="build.classes" value="C:\Users\Marko\javaTecaj\HW05-0036453293\build\classes" />
    <property name="sun.os.patch.level" value="Service Pack 1" />
    <property name="sun.cpu.endian" value="little" />
    <property name="src.test" value="C:\Users\Marko\javaTecaj\HW05-0036453293\src\test\java" />
    <property name="java.io.tmpdir" value="C:\Users\Marko\AppData\Local\Temp\" />
    <property name="pmd.home" value="c:/usr/pmd-bin-5.1.0" />
    <property name="java.vendor.url.bug" value="http://bugreport.sun.com/bugreport/" />
    <property name="os.arch" value="amd64" />
    <property name="java.awt.graphicsenv" value="sun.awt.Win32GraphicsEnvironment" />
    <property name="java.ext.dirs" value="C:\Program Files\Java\jdk1.7.0_17\jre\lib\ext;C:\Windows\Sun\Java\lib\ext" />
    <property name="user.dir" value="C:\Users\Marko\javaTecaj\HW05-0036453293" />
    <property name="line.separator" value="&#xd;&#xa;" />
    <property name="java.vm.name" value="Java HotSpot(TM) 64-Bit Server VM" />
    <property name="basedir" value="C:\Users\Marko\javaTecaj\HW05-0036453293" />
    <property name="junit.home" value="c:/usr/junit-4.11" />
    <property name="ant.java.version" value="1.7" />
    <property name="ant.core.lib" value="C:\usr\apache-ant-1.9.3\lib\ant.jar" />
    <property name="checkstyle.style" value="/sun_checks_2.xml" />
    <property name="file.encoding" value="Cp1250" />
    <property name="build.test" value="C:\Users\Marko\javaTecaj\HW05-0036453293\build\test" />
    <property name="java.specification.version" value="1.7" />
    <property name="ant.project.invoked-targets" value="reports" />
  </properties>
  <testcase classname="hr.fer.zemris.java.tecaj_2.jcomp.impl.instructions.InstrLoadTest" name="LoadTestException1" time="0.008" />
  <testcase classname="hr.fer.zemris.java.tecaj_2.jcomp.impl.instructions.InstrLoadTest" name="LoadTestException2" time="0.001" />
  <testcase classname="hr.fer.zemris.java.tecaj_2.jcomp.impl.instructions.InstrLoadTest" name="LoadTestException3" time="0.0" />
  <testcase classname="hr.fer.zemris.java.tecaj_2.jcomp.impl.instructions.InstrLoadTest" name="LoadTest" time="0.002" />
  <system-out><![CDATA[]]></system-out>
  <system-err><![CDATA[]]></system-err>
</testsuite>
